
Sat Sep 05 2015 21:18:17 GMT-0500 (CDT)

Operating System
  Name                        = Mac OS X
  Version                     = 10.10.5
  Architecture                = 64bit
  # CPUs                      = 8
  Memory                      = 17179869184

Node.js
  Node.js Version             = 0.10.13
  npm Version                 = 1.3.2

Titanium CLI
  CLI Version                 = 4.0.1

Titanium SDK
  SDK Version                 = 4.1.0.GA
  SDK Path                    = /Users/Zachary/Library/Application Support/Titanium/mobilesdk/osx/4.1.0.GA
  Target Platform             = android

Command
  /usr/local/bin/node /Users/Zachary/.appcelerator/install/4.1.2/package/node_modules/appc-cli-titanium/node_modules/titanium/bin/titanium build --platform android --log-level trace --sdk 4.1.0.GA --project-dir /Users/Zachary/Documents/Full Sail/ADV/GIT/Gover_Zachary_AVF_WK1 --target emulator --android-sdk /Users/Zachary/Library/android-sdk-macosx --device-id Samsung Galaxy S4 - 4.4.4 - API 19 - 1080x1920 --skip-js-minify --no-colors --no-progress-bars --no-prompt --prompt-type socket-bundle --prompt-port 49782 --plugin-paths /Users/Zachary/.appcelerator/install/4.1.2/package/node_modules --config-file /var/folders/01/tx145vt17bvd3hxgbx8l6rj00000gn/T/build-1441505892839.json --no-banner

[DEBUG]  Detecting modules in /Users/Zachary/Library/Application Support/Titanium/modules
[DEBUG]  Detected android module: com.appcelerator.apm 1.1.1 @ /Users/Zachary/Library/Application Support/Titanium/modules/android/com.appcelerator.apm/1.1.1
[DEBUG]  Detected android module: facebook 3.0.2 @ /Users/Zachary/Library/Application Support/Titanium/modules/android/facebook/3.0.2
[DEBUG]  Detected android module: facebook 3.0.3 @ /Users/Zachary/Library/Application Support/Titanium/modules/android/facebook/3.0.3
[DEBUG]  Detected android module: facebook 4.0.3 @ /Users/Zachary/Library/Application Support/Titanium/modules/android/facebook/4.0.3
[DEBUG]  Detected android module: facebook 4.0.5 @ /Users/Zachary/Library/Application Support/Titanium/modules/android/facebook/4.0.5
[DEBUG]  Detected android module: ti.cloudpush 3.3.0 @ /Users/Zachary/Library/Application Support/Titanium/modules/android/ti.cloudpush/3.3.0
[DEBUG]  Detected android module: ti.cloudpush 3.3.4 @ /Users/Zachary/Library/Application Support/Titanium/modules/android/ti.cloudpush/3.3.4
[DEBUG]  Detected android module: ti.cloudpush 3.3.7 @ /Users/Zachary/Library/Application Support/Titanium/modules/android/ti.cloudpush/3.3.7
[DEBUG]  Detected android module: ti.cloudpush 3.3.8 @ /Users/Zachary/Library/Application Support/Titanium/modules/android/ti.cloudpush/3.3.8
[DEBUG]  Detected android module: ti.map 2.1.4 @ /Users/Zachary/Library/Application Support/Titanium/modules/android/ti.map/2.1.4
[DEBUG]  Detected android module: ti.map 2.2.2 @ /Users/Zachary/Library/Application Support/Titanium/modules/android/ti.map/2.2.2
[DEBUG]  Detected android module: ti.map 2.2.3 @ /Users/Zachary/Library/Application Support/Titanium/modules/android/ti.map/2.2.3
[DEBUG]  Detected android module: ti.map 2.3.0 @ /Users/Zachary/Library/Application Support/Titanium/modules/android/ti.map/2.3.0
[DEBUG]  Detected android module: ti.map 2.3.1 @ /Users/Zachary/Library/Application Support/Titanium/modules/android/ti.map/2.3.1
[DEBUG]  Detected commonjs module: ti.cloud 3.2.5 @ /Users/Zachary/Library/Application Support/Titanium/modules/commonjs/ti.cloud/3.2.5
[DEBUG]  Detected commonjs module: ti.cloud 3.2.7 @ /Users/Zachary/Library/Application Support/Titanium/modules/commonjs/ti.cloud/3.2.7
[DEBUG]  Detected commonjs module: ti.cloud 3.2.8 @ /Users/Zachary/Library/Application Support/Titanium/modules/commonjs/ti.cloud/3.2.8
[DEBUG]  Detected commonjs module: ti.cloud 3.2.9 @ /Users/Zachary/Library/Application Support/Titanium/modules/commonjs/ti.cloud/3.2.9
[DEBUG]  Detected iphone module: com.appcelerator.apm 1.1.1 @ /Users/Zachary/Library/Application Support/Titanium/modules/iphone/com.appcelerator.apm/1.1.1
[DEBUG]  Detected iphone module: com.appcelerator.urlSession 1.0.1 @ /Users/Zachary/Library/Application Support/Titanium/modules/iphone/com.appcelerator.urlSession/1.0.1
[DEBUG]  Detected iphone module: com.appcelerator.urlSession 1.1.0 @ /Users/Zachary/Library/Application Support/Titanium/modules/iphone/com.appcelerator.urlSession/1.1.0
[DEBUG]  Detected iphone module: com.appcelerator.urlSession 1.1.1 @ /Users/Zachary/Library/Application Support/Titanium/modules/iphone/com.appcelerator.urlSession/1.1.1
[DEBUG]  Detected iphone module: facebook 3.1.1 @ /Users/Zachary/Library/Application Support/Titanium/modules/iphone/facebook/3.1.1
[DEBUG]  Detected iphone module: facebook 3.2.0 @ /Users/Zachary/Library/Application Support/Titanium/modules/iphone/facebook/3.2.0
[DEBUG]  Detected iphone module: facebook 4.0.3 @ /Users/Zachary/Library/Application Support/Titanium/modules/iphone/facebook/4.0.3
[DEBUG]  Detected iphone module: facebook 4.0.5 @ /Users/Zachary/Library/Application Support/Titanium/modules/iphone/facebook/4.0.5
[DEBUG]  Detected iphone module: ti.coremotion 1.0.1 @ /Users/Zachary/Library/Application Support/Titanium/modules/iphone/ti.coremotion/1.0.1
[DEBUG]  Detected iphone module: ti.coremotion 1.1.0 @ /Users/Zachary/Library/Application Support/Titanium/modules/iphone/ti.coremotion/1.1.0
[DEBUG]  Detected iphone module: ti.map 2.0.4 @ /Users/Zachary/Library/Application Support/Titanium/modules/iphone/ti.map/2.0.4
[DEBUG]  Detected iphone module: ti.map 2.2.0 @ /Users/Zachary/Library/Application Support/Titanium/modules/iphone/ti.map/2.2.0
[DEBUG]  Detected iphone module: ti.map 2.2.2 @ /Users/Zachary/Library/Application Support/Titanium/modules/iphone/ti.map/2.2.2
[DEBUG]  Detected iphone module: ti.map 2.3.1 @ /Users/Zachary/Library/Application Support/Titanium/modules/iphone/ti.map/2.3.1
[DEBUG]  Detected iphone module: ti.touchid 1.0 @ /Users/Zachary/Library/Application Support/Titanium/modules/iphone/ti.touchid/1.0
[DEBUG]  Detected iphone module: ti.touchid 1.1.0 @ /Users/Zachary/Library/Application Support/Titanium/modules/iphone/ti.touchid/1.1.0
[DEBUG]  No project level plugins to load
[DEBUG]  Titanium SDK Android directory: /Users/Zachary/Library/Application Support/Titanium/mobilesdk/osx/4.1.0.GA/android
[INFO]   Deploy type: development
[INFO]   Building for target: emulator
[INFO]   Building for emulator: Samsung Galaxy S4 - 4.4.4 - API 19 - 1080x1920
[INFO]   Targeting Android SDK: 22
[INFO]   Building for the following architectures: armeabi, armeabi-v7a, x86
[INFO]   Signing with keystore: /Users/Zachary/Library/Application Support/Titanium/mobilesdk/osx/4.1.0.GA/android/dev_keystore (tidev)
[DEBUG]  App ID: com.zacharygover.wk1
[DEBUG]  Classname: Gover_zachary_avf_wk1
[INFO]   Debugging disabled
[INFO]   Profiler disabled
[INFO]   Launching emulator: Samsung Galaxy S4 - 4.4.4 - API 19 - 1080x1920
[TRACE]  Starting emulator: Samsung Galaxy S4 - 4.4.4 - API 19 - 1080x1920
[TRACE]  Checking if emulator Samsung Galaxy S4 - 4.4.4 - API 19 - 1080x1920 is running...
[TRACE]  Detecting if Samsung Galaxy S4 - 4.4.4 - API 19 - 1080x1920 exists...
[TRACE]  Found 2 emulators
[TRACE]  Emulator exists, detecting all running emulators and connected devices...
[TRACE]  Detected 0 running emulators and connected devices
[TRACE]  Emulator not running, detecting running emulators
[TRACE]  Found 2 emulators
[TRACE]  Starting the emulator...
[INFO]   Running: /Applications/Genymotion.app/Contents/MacOS/player --vm-name "Samsung Galaxy S4 - 4.4.4 - API 19 - 1080x1920"
[TRACE]  Emulator is starting, monitoring boot state...
[TRACE]  Checking the boot state for the next 240000 ms
[TRACE]  Waiting for emulator to register with ADB
[TRACE]  Emulator process started
[TRACE]  offline build file /var/folders/01/tx145vt17bvd3hxgbx8l6rj00000gn/T/build-9807a82a6bb9bf2fb4596555fcfb2d9d60ff22af.json
[TRACE]  No devices found, continuing to wait
[TRACE]  online 1
[TRACE]  optimizing build, last build was 642.525 sec ago
[WARN]   Overwriting file /Users/Zachary/Documents/Full Sail/ADV/GIT/Gover_Zachary_AVF_WK1/build/android/bin/assets/Resources/KS_nav_ui.png
[DEBUG]  Symlinking /Users/Zachary/Documents/Full Sail/ADV/GIT/Gover_Zachary_AVF_WK1/Resources/KS_nav_ui.png => /Users/Zachary/Documents/Full Sail/ADV/GIT/Gover_Zachary_AVF_WK1/build/android/bin/assets/Resources/KS_nav_ui.png
[WARN]   Overwriting file /Users/Zachary/Documents/Full Sail/ADV/GIT/Gover_Zachary_AVF_WK1/build/android/bin/assets/Resources/KS_nav_views.png
[DEBUG]  Symlinking /Users/Zachary/Documents/Full Sail/ADV/GIT/Gover_Zachary_AVF_WK1/Resources/KS_nav_views.png => /Users/Zachary/Documents/Full Sail/ADV/GIT/Gover_Zachary_AVF_WK1/build/android/bin/assets/Resources/KS_nav_views.png
[DEBUG]  Ignoring /Users/Zachary/Documents/Full Sail/ADV/GIT/Gover_Zachary_AVF_WK1/Resources/android
[WARN]   Overwriting file /Users/Zachary/Documents/Full Sail/ADV/GIT/Gover_Zachary_AVF_WK1/build/android/bin/assets/Resources/images/refresh.png
[DEBUG]  Symlinking /Users/Zachary/Documents/Full Sail/ADV/GIT/Gover_Zachary_AVF_WK1/Resources/images/refresh.png => /Users/Zachary/Documents/Full Sail/ADV/GIT/Gover_Zachary_AVF_WK1/build/android/bin/assets/Resources/images/refresh.png
[DEBUG]  Ignoring /Users/Zachary/Documents/Full Sail/ADV/GIT/Gover_Zachary_AVF_WK1/Resources/iphone
[WARN]   Overwriting file /Users/Zachary/Documents/Full Sail/ADV/GIT/Gover_Zachary_AVF_WK1/build/android/bin/assets/Resources/appicon.png
[DEBUG]  Symlinking /Users/Zachary/Documents/Full Sail/ADV/GIT/Gover_Zachary_AVF_WK1/Resources/android/appicon.png => /Users/Zachary/Documents/Full Sail/ADV/GIT/Gover_Zachary_AVF_WK1/build/android/bin/assets/Resources/appicon.png
[DEBUG]  Symlinking /Users/Zachary/Documents/Full Sail/ADV/GIT/Gover_Zachary_AVF_WK1/Resources/android/default.png => /Users/Zachary/Documents/Full Sail/ADV/GIT/Gover_Zachary_AVF_WK1/build/android/res/drawable/background.png
[DEBUG]  Symlinking /Users/Zachary/Documents/Full Sail/ADV/GIT/Gover_Zachary_AVF_WK1/Resources/android/images/res-long-land-hdpi/default.png => /Users/Zachary/Documents/Full Sail/ADV/GIT/Gover_Zachary_AVF_WK1/build/android/res/drawable-long-land-hdpi/background.png
[DEBUG]  Symlinking /Users/Zachary/Documents/Full Sail/ADV/GIT/Gover_Zachary_AVF_WK1/Resources/android/images/res-long-land-ldpi/default.png => /Users/Zachary/Documents/Full Sail/ADV/GIT/Gover_Zachary_AVF_WK1/build/android/res/drawable-long-land-ldpi/background.png
[DEBUG]  Symlinking /Users/Zachary/Documents/Full Sail/ADV/GIT/Gover_Zachary_AVF_WK1/Resources/android/images/res-long-port-hdpi/default.png => /Users/Zachary/Documents/Full Sail/ADV/GIT/Gover_Zachary_AVF_WK1/build/android/res/drawable-long-port-hdpi/background.png
[DEBUG]  Symlinking /Users/Zachary/Documents/Full Sail/ADV/GIT/Gover_Zachary_AVF_WK1/Resources/android/images/res-long-port-ldpi/default.png => /Users/Zachary/Documents/Full Sail/ADV/GIT/Gover_Zachary_AVF_WK1/build/android/res/drawable-long-port-ldpi/background.png
[DEBUG]  Symlinking /Users/Zachary/Documents/Full Sail/ADV/GIT/Gover_Zachary_AVF_WK1/Resources/android/images/res-notlong-land-hdpi/default.png => /Users/Zachary/Documents/Full Sail/ADV/GIT/Gover_Zachary_AVF_WK1/build/android/res/drawable-notlong-land-hdpi/background.png
[DEBUG]  Symlinking /Users/Zachary/Documents/Full Sail/ADV/GIT/Gover_Zachary_AVF_WK1/Resources/android/images/res-notlong-land-ldpi/default.png => /Users/Zachary/Documents/Full Sail/ADV/GIT/Gover_Zachary_AVF_WK1/build/android/res/drawable-notlong-land-ldpi/background.png
[DEBUG]  Symlinking /Users/Zachary/Documents/Full Sail/ADV/GIT/Gover_Zachary_AVF_WK1/Resources/android/images/res-notlong-land-mdpi/default.png => /Users/Zachary/Documents/Full Sail/ADV/GIT/Gover_Zachary_AVF_WK1/build/android/res/drawable-notlong-land-mdpi/background.png
[DEBUG]  Symlinking /Users/Zachary/Documents/Full Sail/ADV/GIT/Gover_Zachary_AVF_WK1/Resources/android/images/res-notlong-port-hdpi/default.png => /Users/Zachary/Documents/Full Sail/ADV/GIT/Gover_Zachary_AVF_WK1/build/android/res/drawable-notlong-port-hdpi/background.png
[DEBUG]  Symlinking /Users/Zachary/Documents/Full Sail/ADV/GIT/Gover_Zachary_AVF_WK1/Resources/android/images/res-notlong-port-ldpi/default.png => /Users/Zachary/Documents/Full Sail/ADV/GIT/Gover_Zachary_AVF_WK1/build/android/res/drawable-notlong-port-ldpi/background.png
[DEBUG]  Symlinking /Users/Zachary/Documents/Full Sail/ADV/GIT/Gover_Zachary_AVF_WK1/Resources/android/images/res-notlong-port-mdpi/default.png => /Users/Zachary/Documents/Full Sail/ADV/GIT/Gover_Zachary_AVF_WK1/build/android/res/drawable-notlong-port-mdpi/background.png
[DEBUG]  Symlinking /Users/Zachary/Documents/Full Sail/ADV/GIT/Gover_Zachary_AVF_WK1/build/android/bin/assets/Resources/appicon.png => /Users/Zachary/Documents/Full Sail/ADV/GIT/Gover_Zachary_AVF_WK1/build/android/res/drawable/appicon.png
[INFO]   Processing JavaScript files
[WARN]   Overwriting file /Users/Zachary/Documents/Full Sail/ADV/GIT/Gover_Zachary_AVF_WK1/build/android/bin/assets/Resources/alerts.js
[DEBUG]  Symlinking /Users/Zachary/Documents/Full Sail/ADV/GIT/Gover_Zachary_AVF_WK1/Resources/alerts.js => /Users/Zachary/Documents/Full Sail/ADV/GIT/Gover_Zachary_AVF_WK1/build/android/bin/assets/Resources/alerts.js
[WARN]   Overwriting file /Users/Zachary/Documents/Full Sail/ADV/GIT/Gover_Zachary_AVF_WK1/build/android/bin/assets/Resources/app.js
[DEBUG]  Symlinking /Users/Zachary/Documents/Full Sail/ADV/GIT/Gover_Zachary_AVF_WK1/Resources/app.js => /Users/Zachary/Documents/Full Sail/ADV/GIT/Gover_Zachary_AVF_WK1/build/android/bin/assets/Resources/app.js
[WARN]   Overwriting file /Users/Zachary/Documents/Full Sail/ADV/GIT/Gover_Zachary_AVF_WK1/build/android/bin/assets/Resources/db.js
[DEBUG]  Symlinking /Users/Zachary/Documents/Full Sail/ADV/GIT/Gover_Zachary_AVF_WK1/Resources/db.js => /Users/Zachary/Documents/Full Sail/ADV/GIT/Gover_Zachary_AVF_WK1/build/android/bin/assets/Resources/db.js
[WARN]   Overwriting file /Users/Zachary/Documents/Full Sail/ADV/GIT/Gover_Zachary_AVF_WK1/build/android/bin/assets/Resources/ui.js
[DEBUG]  Symlinking /Users/Zachary/Documents/Full Sail/ADV/GIT/Gover_Zachary_AVF_WK1/Resources/ui.js => /Users/Zachary/Documents/Full Sail/ADV/GIT/Gover_Zachary_AVF_WK1/build/android/bin/assets/Resources/ui.js
[DEBUG]  Adding library /Users/Zachary/Library/Application Support/Titanium/mobilesdk/osx/4.1.0.GA/android/kroll-v8.jar
[DEBUG]  Adding library /Users/Zachary/Library/Application Support/Titanium/mobilesdk/osx/4.1.0.GA/android/modules/titanium-analytics.jar
[DEBUG]  Adding dependency library /Users/Zachary/Library/Application Support/Titanium/mobilesdk/osx/4.1.0.GA/android/aps-analytics.jar
[DEBUG]  Adding library /Users/Zachary/Library/Application Support/Titanium/mobilesdk/osx/4.1.0.GA/android/modules/titanium-android.jar
[DEBUG]  Adding dependency library /Users/Zachary/Library/Application Support/Titanium/mobilesdk/osx/4.1.0.GA/android/jaxen-1.1.1.jar
[DEBUG]  Adding dependency library /Users/Zachary/Library/Application Support/Titanium/mobilesdk/osx/4.1.0.GA/android/ti-commons-codec-1.3.jar
[DEBUG]  Adding dependency library /Users/Zachary/Library/Application Support/Titanium/mobilesdk/osx/4.1.0.GA/android/kroll-common.jar
[DEBUG]  Adding dependency library /Users/Zachary/Library/Application Support/Titanium/mobilesdk/osx/4.1.0.GA/android/titanium.jar
[DEBUG]  Adding library /Users/Zachary/Library/Application Support/Titanium/mobilesdk/osx/4.1.0.GA/android/modules/titanium-app.jar
[DEBUG]  Adding library /Users/Zachary/Library/Application Support/Titanium/mobilesdk/osx/4.1.0.GA/android/modules/titanium-ui.jar
[DEBUG]  Adding dependency library /Users/Zachary/Library/Application Support/Titanium/mobilesdk/osx/4.1.0.GA/android/nineoldandroids-appc-2.4.0.jar
[DEBUG]  Adding library /Users/Zachary/Library/Application Support/Titanium/mobilesdk/osx/4.1.0.GA/android/modules/titanium-filesystem.jar
[DEBUG]  Adding library /Users/Zachary/Library/Application Support/Titanium/mobilesdk/osx/4.1.0.GA/android/modules/titanium-media.jar
[DEBUG]  Adding library /Users/Zachary/Library/Application Support/Titanium/mobilesdk/osx/4.1.0.GA/android/modules/titanium-appcompat.jar
[DEBUG]  Adding dependency library /Users/Zachary/Library/Application Support/Titanium/mobilesdk/osx/4.1.0.GA/android/android-support-v4.jar
[DEBUG]  Adding dependency library /Users/Zachary/Library/Application Support/Titanium/mobilesdk/osx/4.1.0.GA/android/android-support-v7-appcompat.jar
[DEBUG]  Adding library /Users/Zachary/Library/Application Support/Titanium/mobilesdk/osx/4.1.0.GA/android/modules/titanium-locale.jar
[DEBUG]  Adding library /Users/Zachary/Library/Application Support/Titanium/mobilesdk/osx/4.1.0.GA/android/modules/titanium-network.jar
[DEBUG]  Adding dependency library /Users/Zachary/Library/Application Support/Titanium/mobilesdk/osx/4.1.0.GA/android/thirdparty.jar
[DEBUG]  Adding library /Users/Zachary/Library/Application Support/Titanium/mobilesdk/osx/4.1.0.GA/android/modules/titanium-xml.jar
[DEBUG]  Adding library /Users/Zachary/Library/Application Support/Titanium/mobilesdk/osx/4.1.0.GA/android/modules/titanium-utils.jar
[DEBUG]  Adding library /Users/Zachary/Library/Application Support/Titanium/mobilesdk/osx/4.1.0.GA/android/modules/titanium-geolocation.jar
[DEBUG]  Adding library /Users/Zachary/Library/Application Support/Titanium/mobilesdk/osx/4.1.0.GA/android/modules/titanium-accelerometer.jar
[DEBUG]  Adding library /Users/Zachary/Library/Application Support/Titanium/mobilesdk/osx/4.1.0.GA/android/modules/titanium-contacts.jar
[DEBUG]  Adding library /Users/Zachary/Library/Application Support/Titanium/mobilesdk/osx/4.1.0.GA/android/modules/titanium-map.jar
[DEBUG]  Adding library /Users/Zachary/Library/Application Support/Titanium/mobilesdk/osx/4.1.0.GA/android/modules/titanium-calendar.jar
[DEBUG]  Adding library /Users/Zachary/Library/Application Support/Titanium/mobilesdk/osx/4.1.0.GA/android/modules/titanium-gesture.jar
[DEBUG]  Adding library /Users/Zachary/Library/Application Support/Titanium/mobilesdk/osx/4.1.0.GA/android/modules/titanium-platform.jar
[DEBUG]  Adding library /Users/Zachary/Library/Application Support/Titanium/mobilesdk/osx/4.1.0.GA/android/modules/titanium-database.jar
[DEBUG]  Unknown namespace api, skipping
[INFO]   Writing /Users/Zachary/Documents/Full Sail/ADV/GIT/Gover_Zachary_AVF_WK1/build/android/bin/assets/app.json
[INFO]   Extracting module resources: /Users/Zachary/Library/Application Support/Titanium/mobilesdk/osx/4.1.0.GA/android/modules/titanium-analytics.res.zip
[DEBUG]  Copying /var/folders/01/tx145vt17bvd3hxgbx8l6rj00000gn/T/11585-85426-1sfk5an/res/values/strings.xml => /Users/Zachary/Documents/Full Sail/ADV/GIT/Gover_Zachary_AVF_WK1/build/android/res/values/strings.xml
[INFO]   Extracting module resources: /Users/Zachary/Library/Application Support/Titanium/mobilesdk/osx/4.1.0.GA/android/modules/titanium-android.res.zip
[DEBUG]  Merging /var/folders/01/tx145vt17bvd3hxgbx8l6rj00000gn/T/11585-85426-1ewwvmv/res/values/strings.xml => /Users/Zachary/Documents/Full Sail/ADV/GIT/Gover_Zachary_AVF_WK1/build/android/res/values/strings.xml
[INFO]   Extracting module resources: /Users/Zachary/Library/Application Support/Titanium/mobilesdk/osx/4.1.0.GA/android/modules/titanium-app.res.zip
[DEBUG]  Merging /var/folders/01/tx145vt17bvd3hxgbx8l6rj00000gn/T/11585-85426-16f55ri/res/values/strings.xml => /Users/Zachary/Documents/Full Sail/ADV/GIT/Gover_Zachary_AVF_WK1/build/android/res/values/strings.xml
[INFO]   Extracting module resources: /Users/Zachary/Library/Application Support/Titanium/mobilesdk/osx/4.1.0.GA/android/modules/titanium-filesystem.res.zip
[DEBUG]  Merging /var/folders/01/tx145vt17bvd3hxgbx8l6rj00000gn/T/11585-85426-vrn1zm/res/values/strings.xml => /Users/Zachary/Documents/Full Sail/ADV/GIT/Gover_Zachary_AVF_WK1/build/android/res/values/strings.xml
[INFO]   Extracting module resources: /Users/Zachary/Library/Application Support/Titanium/mobilesdk/osx/4.1.0.GA/android/modules/titanium-media.res.zip
[DEBUG]  Merging /var/folders/01/tx145vt17bvd3hxgbx8l6rj00000gn/T/11585-85426-sx6mco/res/values/strings.xml => /Users/Zachary/Documents/Full Sail/ADV/GIT/Gover_Zachary_AVF_WK1/build/android/res/values/strings.xml
[INFO]   Extracting module resources: /Users/Zachary/Library/Application Support/Titanium/mobilesdk/osx/4.1.0.GA/android/modules/titanium-locale.res.zip
[DEBUG]  Merging /var/folders/01/tx145vt17bvd3hxgbx8l6rj00000gn/T/11585-85426-1pv97b8/res/values/strings.xml => /Users/Zachary/Documents/Full Sail/ADV/GIT/Gover_Zachary_AVF_WK1/build/android/res/values/strings.xml
[INFO]   Extracting module resources: /Users/Zachary/Library/Application Support/Titanium/mobilesdk/osx/4.1.0.GA/android/modules/titanium-network.res.zip
[DEBUG]  Merging /var/folders/01/tx145vt17bvd3hxgbx8l6rj00000gn/T/11585-85426-jxe7f3/res/values/strings.xml => /Users/Zachary/Documents/Full Sail/ADV/GIT/Gover_Zachary_AVF_WK1/build/android/res/values/strings.xml
[INFO]   Extracting module resources: /Users/Zachary/Library/Application Support/Titanium/mobilesdk/osx/4.1.0.GA/android/modules/titanium-xml.res.zip
[DEBUG]  Merging /var/folders/01/tx145vt17bvd3hxgbx8l6rj00000gn/T/11585-85426-nnct82/res/values/strings.xml => /Users/Zachary/Documents/Full Sail/ADV/GIT/Gover_Zachary_AVF_WK1/build/android/res/values/strings.xml
[INFO]   Extracting module resources: /Users/Zachary/Library/Application Support/Titanium/mobilesdk/osx/4.1.0.GA/android/modules/titanium-utils.res.zip
[DEBUG]  Merging /var/folders/01/tx145vt17bvd3hxgbx8l6rj00000gn/T/11585-85426-1ozbfds/res/values/strings.xml => /Users/Zachary/Documents/Full Sail/ADV/GIT/Gover_Zachary_AVF_WK1/build/android/res/values/strings.xml
[INFO]   Extracting module resources: /Users/Zachary/Library/Application Support/Titanium/mobilesdk/osx/4.1.0.GA/android/modules/titanium-geolocation.res.zip
[DEBUG]  Merging /var/folders/01/tx145vt17bvd3hxgbx8l6rj00000gn/T/11585-85426-11ock1d/res/values/strings.xml => /Users/Zachary/Documents/Full Sail/ADV/GIT/Gover_Zachary_AVF_WK1/build/android/res/values/strings.xml
[INFO]   Extracting module resources: /Users/Zachary/Library/Application Support/Titanium/mobilesdk/osx/4.1.0.GA/android/modules/titanium-accelerometer.res.zip
[DEBUG]  Merging /var/folders/01/tx145vt17bvd3hxgbx8l6rj00000gn/T/11585-85426-1fkyqf1/res/values/strings.xml => /Users/Zachary/Documents/Full Sail/ADV/GIT/Gover_Zachary_AVF_WK1/build/android/res/values/strings.xml
[INFO]   Extracting module resources: /Users/Zachary/Library/Application Support/Titanium/mobilesdk/osx/4.1.0.GA/android/modules/titanium-contacts.res.zip
[DEBUG]  Merging /var/folders/01/tx145vt17bvd3hxgbx8l6rj00000gn/T/11585-85426-axfnc9/res/values/strings.xml => /Users/Zachary/Documents/Full Sail/ADV/GIT/Gover_Zachary_AVF_WK1/build/android/res/values/strings.xml
[INFO]   Extracting module resources: /Users/Zachary/Library/Application Support/Titanium/mobilesdk/osx/4.1.0.GA/android/modules/titanium-map.res.zip
[DEBUG]  Merging /var/folders/01/tx145vt17bvd3hxgbx8l6rj00000gn/T/11585-85426-vjdcm5/res/values/strings.xml => /Users/Zachary/Documents/Full Sail/ADV/GIT/Gover_Zachary_AVF_WK1/build/android/res/values/strings.xml
[INFO]   Extracting module resources: /Users/Zachary/Library/Application Support/Titanium/mobilesdk/osx/4.1.0.GA/android/modules/titanium-calendar.res.zip
[DEBUG]  Merging /var/folders/01/tx145vt17bvd3hxgbx8l6rj00000gn/T/11585-85426-w33pi7/res/values/strings.xml => /Users/Zachary/Documents/Full Sail/ADV/GIT/Gover_Zachary_AVF_WK1/build/android/res/values/strings.xml
[INFO]   Extracting module resources: /Users/Zachary/Library/Application Support/Titanium/mobilesdk/osx/4.1.0.GA/android/modules/titanium-gesture.res.zip
[DEBUG]  Merging /var/folders/01/tx145vt17bvd3hxgbx8l6rj00000gn/T/11585-85426-1ro0xmn/res/values/strings.xml => /Users/Zachary/Documents/Full Sail/ADV/GIT/Gover_Zachary_AVF_WK1/build/android/res/values/strings.xml
[INFO]   Extracting module resources: /Users/Zachary/Library/Application Support/Titanium/mobilesdk/osx/4.1.0.GA/android/modules/titanium-platform.res.zip
[DEBUG]  Merging /var/folders/01/tx145vt17bvd3hxgbx8l6rj00000gn/T/11585-85426-jvt7rx/res/values/strings.xml => /Users/Zachary/Documents/Full Sail/ADV/GIT/Gover_Zachary_AVF_WK1/build/android/res/values/strings.xml
[INFO]   Extracting module resources: /Users/Zachary/Library/Application Support/Titanium/mobilesdk/osx/4.1.0.GA/android/modules/titanium-database.res.zip
[DEBUG]  Merging /var/folders/01/tx145vt17bvd3hxgbx8l6rj00000gn/T/11585-85426-1qss7cx/res/values/strings.xml => /Users/Zachary/Documents/Full Sail/ADV/GIT/Gover_Zachary_AVF_WK1/build/android/res/values/strings.xml
[DEBUG]  Removing old file: /Users/Zachary/Documents/Full Sail/ADV/GIT/Gover_Zachary_AVF_WK1/build/android/.classpath
[DEBUG]  Removing old file: /Users/Zachary/Documents/Full Sail/ADV/GIT/Gover_Zachary_AVF_WK1/build/android/.gitignore
[DEBUG]  Removing old file: /Users/Zachary/Documents/Full Sail/ADV/GIT/Gover_Zachary_AVF_WK1/build/android/.project
[DEBUG]  Removing old file: /Users/Zachary/Documents/Full Sail/ADV/GIT/Gover_Zachary_AVF_WK1/build/android/AndroidManifest.xml
[DEBUG]  Removing old file: /Users/Zachary/Documents/Full Sail/ADV/GIT/Gover_Zachary_AVF_WK1/build/android/default.properties
[DEBUG]  Removing old file: /Users/Zachary/Documents/Full Sail/ADV/GIT/Gover_Zachary_AVF_WK1/build/android/gen/com/zacharygover/wk1/ApplicationStylesheet.java
[DEBUG]  Removing old file: /Users/Zachary/Documents/Full Sail/ADV/GIT/Gover_Zachary_AVF_WK1/build/android/gen/com/zacharygover/wk1/Gover_zachary_avf_wk1Activity.java
[DEBUG]  Removing old file: /Users/Zachary/Documents/Full Sail/ADV/GIT/Gover_Zachary_AVF_WK1/build/android/gen/com/zacharygover/wk1/Gover_zachary_avf_wk1AppInfo.java
[DEBUG]  Removing old file: /Users/Zachary/Documents/Full Sail/ADV/GIT/Gover_Zachary_AVF_WK1/build/android/gen/com/zacharygover/wk1/Gover_zachary_avf_wk1Application.java
[DEBUG]  Removing old file: /Users/Zachary/Documents/Full Sail/ADV/GIT/Gover_Zachary_AVF_WK1/build/android/gen/com/zacharygover/wk1/R.java
[DEBUG]  Removing old file: /Users/Zachary/Documents/Full Sail/ADV/GIT/Gover_Zachary_AVF_WK1/build/android/java-sources.txt
[DEBUG]  Copying template /Users/Zachary/Library/Application Support/Titanium/mobilesdk/osx/4.1.0.GA/android/templates/build/AppInfo.java => /Users/Zachary/Documents/Full Sail/ADV/GIT/Gover_Zachary_AVF_WK1/build/android/gen/com/zacharygover/wk1/Gover_zachary_avf_wk1AppInfo.java
[DEBUG]  Copying template /Users/Zachary/Library/Application Support/Titanium/mobilesdk/osx/4.1.0.GA/android/templates/build/App.java => /Users/Zachary/Documents/Full Sail/ADV/GIT/Gover_Zachary_AVF_WK1/build/android/gen/com/zacharygover/wk1/Gover_zachary_avf_wk1Application.java
[DEBUG]  Copying template /Users/Zachary/Library/Application Support/Titanium/mobilesdk/osx/4.1.0.GA/android/templates/build/Activity.java => /Users/Zachary/Documents/Full Sail/ADV/GIT/Gover_Zachary_AVF_WK1/build/android/gen/com/zacharygover/wk1/Gover_zachary_avf_wk1Activity.java
[DEBUG]  Copying template /Users/Zachary/Library/Application Support/Titanium/mobilesdk/osx/4.1.0.GA/android/templates/build/project => /Users/Zachary/Documents/Full Sail/ADV/GIT/Gover_Zachary_AVF_WK1/build/android/.project
[DEBUG]  Copying template /Users/Zachary/Library/Application Support/Titanium/mobilesdk/osx/4.1.0.GA/android/templates/build/default.properties => /Users/Zachary/Documents/Full Sail/ADV/GIT/Gover_Zachary_AVF_WK1/build/android/default.properties
[DEBUG]  Copying /Users/Zachary/Library/Application Support/Titanium/mobilesdk/osx/4.1.0.GA/android/templates/build/gitignore => /Users/Zachary/Documents/Full Sail/ADV/GIT/Gover_Zachary_AVF_WK1/build/android/.gitignore
[DEBUG]  Copying /Users/Zachary/Library/Application Support/Titanium/mobilesdk/osx/4.1.0.GA/android/templates/build/classpath => /Users/Zachary/Documents/Full Sail/ADV/GIT/Gover_Zachary_AVF_WK1/build/android/.classpath
[INFO]   No aidl files to compile, continuing
[INFO]   Generating i18n files
[DEBUG]  Merging en strings => /Users/Zachary/Documents/Full Sail/ADV/GIT/Gover_Zachary_AVF_WK1/build/android/res/values/strings.xml
[INFO]   Generating /Users/Zachary/Documents/Full Sail/ADV/GIT/Gover_Zachary_AVF_WK1/build/android/res/values/theme.xml
[INFO]   Packaging application: /Users/Zachary/Library/android-sdk-macosx/build-tools/23.0.0/aapt "package" "-f" "-m" "-J" "/Users/Zachary/Documents/Full Sail/ADV/GIT/Gover_Zachary_AVF_WK1/build/android/gen" "-M" "/Users/Zachary/Documents/Full Sail/ADV/GIT/Gover_Zachary_AVF_WK1/build/android/AndroidManifest.xml" "-A" "/Users/Zachary/Documents/Full Sail/ADV/GIT/Gover_Zachary_AVF_WK1/build/android/bin/assets" "-S" "/Users/Zachary/Documents/Full Sail/ADV/GIT/Gover_Zachary_AVF_WK1/build/android/res" "-I" "/Users/Zachary/Library/android-sdk-macosx/platforms/android-22/android.jar" "-F" "/Users/Zachary/Documents/Full Sail/ADV/GIT/Gover_Zachary_AVF_WK1/build/android/bin/app.ap_" "--auto-add-overlay" "--extra-packages" "ti.modules.titanium.ui:android.support.v7.appcompat" "-S" "/var/folders/01/tx145vt17bvd3hxgbx8l6rj00000gn/T/11585-85426-1rii6xr/res" "-S" "/var/folders/01/tx145vt17bvd3hxgbx8l6rj00000gn/T/11585-85426-16i5wb6/res"
[INFO]   Building Java source files: /Library/Java/JavaVirtualMachines/jdk1.7.0_80.jdk/Contents/Home/bin/javac "-J-Xmx256M" "-encoding" "utf8" "-bootclasspath" "/Users/Zachary/Library/android-sdk-macosx/platforms/android-22/android.jar:/Users/Zachary/Library/Application Support/Titanium/mobilesdk/osx/4.1.0.GA/android/kroll-v8.jar:/Users/Zachary/Library/Application Support/Titanium/mobilesdk/osx/4.1.0.GA/android/modules/titanium-analytics.jar:/Users/Zachary/Library/Application Support/Titanium/mobilesdk/osx/4.1.0.GA/android/aps-analytics.jar:/Users/Zachary/Library/Application Support/Titanium/mobilesdk/osx/4.1.0.GA/android/modules/titanium-android.jar:/Users/Zachary/Library/Application Support/Titanium/mobilesdk/osx/4.1.0.GA/android/jaxen-1.1.1.jar:/Users/Zachary/Library/Application Support/Titanium/mobilesdk/osx/4.1.0.GA/android/ti-commons-codec-1.3.jar:/Users/Zachary/Library/Application Support/Titanium/mobilesdk/osx/4.1.0.GA/android/kroll-common.jar:/Users/Zachary/Library/Application Support/Titanium/mobilesdk/osx/4.1.0.GA/android/titanium.jar:/Users/Zachary/Library/Application Support/Titanium/mobilesdk/osx/4.1.0.GA/android/modules/titanium-app.jar:/Users/Zachary/Library/Application Support/Titanium/mobilesdk/osx/4.1.0.GA/android/modules/titanium-ui.jar:/Users/Zachary/Library/Application Support/Titanium/mobilesdk/osx/4.1.0.GA/android/nineoldandroids-appc-2.4.0.jar:/Users/Zachary/Library/Application Support/Titanium/mobilesdk/osx/4.1.0.GA/android/modules/titanium-filesystem.jar:/Users/Zachary/Library/Application Support/Titanium/mobilesdk/osx/4.1.0.GA/android/modules/titanium-media.jar:/Users/Zachary/Library/Application Support/Titanium/mobilesdk/osx/4.1.0.GA/android/modules/titanium-appcompat.jar:/Users/Zachary/Library/Application Support/Titanium/mobilesdk/osx/4.1.0.GA/android/android-support-v4.jar:/Users/Zachary/Library/Application Support/Titanium/mobilesdk/osx/4.1.0.GA/android/android-support-v7-appcompat.jar:/Users/Zachary/Library/Application Support/Titanium/mobilesdk/osx/4.1.0.GA/android/modules/titanium-locale.jar:/Users/Zachary/Library/Application Support/Titanium/mobilesdk/osx/4.1.0.GA/android/modules/titanium-network.jar:/Users/Zachary/Library/Application Support/Titanium/mobilesdk/osx/4.1.0.GA/android/thirdparty.jar:/Users/Zachary/Library/Application Support/Titanium/mobilesdk/osx/4.1.0.GA/android/modules/titanium-xml.jar:/Users/Zachary/Library/Application Support/Titanium/mobilesdk/osx/4.1.0.GA/android/modules/titanium-utils.jar:/Users/Zachary/Library/Application Support/Titanium/mobilesdk/osx/4.1.0.GA/android/modules/titanium-geolocation.jar:/Users/Zachary/Library/Application Support/Titanium/mobilesdk/osx/4.1.0.GA/android/modules/titanium-accelerometer.jar:/Users/Zachary/Library/Application Support/Titanium/mobilesdk/osx/4.1.0.GA/android/modules/titanium-contacts.jar:/Users/Zachary/Library/Application Support/Titanium/mobilesdk/osx/4.1.0.GA/android/modules/titanium-map.jar:/Users/Zachary/Library/Application Support/Titanium/mobilesdk/osx/4.1.0.GA/android/modules/titanium-calendar.jar:/Users/Zachary/Library/Application Support/Titanium/mobilesdk/osx/4.1.0.GA/android/modules/titanium-gesture.jar:/Users/Zachary/Library/Application Support/Titanium/mobilesdk/osx/4.1.0.GA/android/modules/titanium-platform.jar:/Users/Zachary/Library/Application Support/Titanium/mobilesdk/osx/4.1.0.GA/android/modules/titanium-database.jar:/Users/Zachary/Library/Application Support/Titanium/mobilesdk/osx/4.1.0.GA/android/lib/titanium-verify.jar:R.class:ApplicationStylesheet.class:Gover_zachary_avf_wk1Activity.class:Gover_zachary_avf_wk1AppInfo.class:Gover_zachary_avf_wk1Application.class" "-d" "/Users/Zachary/Documents/Full Sail/ADV/GIT/Gover_Zachary_AVF_WK1/build/android/bin/classes" "-proc:none" "-target" "1.6" "-source" "1.6" "@/Users/Zachary/Documents/Full Sail/ADV/GIT/Gover_Zachary_AVF_WK1/build/android/java-sources.txt"
[INFO]   Running dexer: /Library/Java/JavaVirtualMachines/jdk1.7.0_80.jdk/Contents/Home/bin/java "-Xmx1024M" "-XX:-UseGCOverheadLimit" "-Djava.ext.dirs=/Users/Zachary/Library/android-sdk-macosx/platform-tools" "-jar" "/Users/Zachary/Library/android-sdk-macosx/build-tools/23.0.0/lib/dx.jar" "--dex" "--output=/Users/Zachary/Documents/Full Sail/ADV/GIT/Gover_Zachary_AVF_WK1/build/android/bin/classes.dex" "/Users/Zachary/Documents/Full Sail/ADV/GIT/Gover_Zachary_AVF_WK1/build/android/bin/classes" "/Users/Zachary/Library/Application Support/Titanium/mobilesdk/osx/4.1.0.GA/android/lib/titanium-verify.jar" "/Users/Zachary/Library/Application Support/Titanium/mobilesdk/osx/4.1.0.GA/android/kroll-v8.jar" "/Users/Zachary/Library/Application Support/Titanium/mobilesdk/osx/4.1.0.GA/android/modules/titanium-analytics.jar" "/Users/Zachary/Library/Application Support/Titanium/mobilesdk/osx/4.1.0.GA/android/aps-analytics.jar" "/Users/Zachary/Library/Application Support/Titanium/mobilesdk/osx/4.1.0.GA/android/modules/titanium-android.jar" "/Users/Zachary/Library/Application Support/Titanium/mobilesdk/osx/4.1.0.GA/android/jaxen-1.1.1.jar" "/Users/Zachary/Library/Application Support/Titanium/mobilesdk/osx/4.1.0.GA/android/ti-commons-codec-1.3.jar" "/Users/Zachary/Library/Application Support/Titanium/mobilesdk/osx/4.1.0.GA/android/kroll-common.jar" "/Users/Zachary/Library/Application Support/Titanium/mobilesdk/osx/4.1.0.GA/android/titanium.jar" "/Users/Zachary/Library/Application Support/Titanium/mobilesdk/osx/4.1.0.GA/android/modules/titanium-app.jar" "/Users/Zachary/Library/Application Support/Titanium/mobilesdk/osx/4.1.0.GA/android/modules/titanium-ui.jar" "/Users/Zachary/Library/Application Support/Titanium/mobilesdk/osx/4.1.0.GA/android/nineoldandroids-appc-2.4.0.jar" "/Users/Zachary/Library/Application Support/Titanium/mobilesdk/osx/4.1.0.GA/android/modules/titanium-filesystem.jar" "/Users/Zachary/Library/Application Support/Titanium/mobilesdk/osx/4.1.0.GA/android/modules/titanium-media.jar" "/Users/Zachary/Library/Application Support/Titanium/mobilesdk/osx/4.1.0.GA/android/modules/titanium-appcompat.jar" "/Users/Zachary/Library/Application Support/Titanium/mobilesdk/osx/4.1.0.GA/android/android-support-v4.jar" "/Users/Zachary/Library/Application Support/Titanium/mobilesdk/osx/4.1.0.GA/android/android-support-v7-appcompat.jar" "/Users/Zachary/Library/Application Support/Titanium/mobilesdk/osx/4.1.0.GA/android/modules/titanium-locale.jar" "/Users/Zachary/Library/Application Support/Titanium/mobilesdk/osx/4.1.0.GA/android/modules/titanium-network.jar" "/Users/Zachary/Library/Application Support/Titanium/mobilesdk/osx/4.1.0.GA/android/thirdparty.jar" "/Users/Zachary/Library/Application Support/Titanium/mobilesdk/osx/4.1.0.GA/android/modules/titanium-xml.jar" "/Users/Zachary/Library/Application Support/Titanium/mobilesdk/osx/4.1.0.GA/android/modules/titanium-utils.jar" "/Users/Zachary/Library/Application Support/Titanium/mobilesdk/osx/4.1.0.GA/android/modules/titanium-geolocation.jar" "/Users/Zachary/Library/Application Support/Titanium/mobilesdk/osx/4.1.0.GA/android/modules/titanium-accelerometer.jar" "/Users/Zachary/Library/Application Support/Titanium/mobilesdk/osx/4.1.0.GA/android/modules/titanium-contacts.jar" "/Users/Zachary/Library/Application Support/Titanium/mobilesdk/osx/4.1.0.GA/android/modules/titanium-map.jar" "/Users/Zachary/Library/Application Support/Titanium/mobilesdk/osx/4.1.0.GA/android/modules/titanium-calendar.jar" "/Users/Zachary/Library/Application Support/Titanium/mobilesdk/osx/4.1.0.GA/android/modules/titanium-gesture.jar" "/Users/Zachary/Library/Application Support/Titanium/mobilesdk/osx/4.1.0.GA/android/modules/titanium-platform.jar" "/Users/Zachary/Library/Application Support/Titanium/mobilesdk/osx/4.1.0.GA/android/modules/titanium-database.jar"
[TRACE]  Found 1 devices, checking if any of them are the emulator...
[TRACE]  Emulator is running!
[TRACE]  Checking if boot animation has finished...
[TRACE]  Emulator is not booted yet; checking again in 2000 ms
[TRACE]  Emulator is not booted yet; checking again in 2000 ms
[TRACE]  Emulator is not booted yet; checking again in 2000 ms
[INFO]   Creating unsigned apk
[DEBUG]  Processing /Users/Zachary/Documents/Full Sail/ADV/GIT/Gover_Zachary_AVF_WK1/build/android/bin/app.ap_
[DEBUG]  Deflating AndroidManifest.xml
[DEBUG]  Adding assets/Resources/KS_nav_ui.png
[DEBUG]  Adding assets/Resources/KS_nav_views.png
[DEBUG]  Deflating assets/Resources/_app_props_.json
[DEBUG]  Deflating assets/Resources/alerts.js
[DEBUG]  Deflating assets/Resources/app.js
[DEBUG]  Adding assets/Resources/appicon.png
[DEBUG]  Deflating assets/Resources/db.js
[DEBUG]  Adding assets/Resources/images/refresh.png
[DEBUG]  Deflating assets/Resources/ui.js
[DEBUG]  Deflating assets/app.json
[DEBUG]  Deflating assets/index.json
[DEBUG]  Deflating res/anim/abc_fade_in.xml
[DEBUG]  Deflating res/anim/abc_fade_out.xml
[DEBUG]  Deflating res/anim/abc_grow_fade_in_from_bottom.xml
[DEBUG]  Deflating res/anim/abc_popup_enter.xml
[DEBUG]  Deflating res/anim/abc_popup_exit.xml
[DEBUG]  Deflating res/anim/abc_shrink_fade_out_from_bottom.xml
[DEBUG]  Deflating res/anim/abc_slide_in_bottom.xml
[DEBUG]  Deflating res/anim/abc_slide_in_top.xml
[DEBUG]  Deflating res/anim/abc_slide_out_bottom.xml
[DEBUG]  Deflating res/anim/abc_slide_out_top.xml
[DEBUG]  Deflating res/color-v11/abc_background_cache_hint_selector_material_dark.xml
[DEBUG]  Deflating res/color-v11/abc_background_cache_hint_selector_material_light.xml
[DEBUG]  Deflating res/color/abc_background_cache_hint_selector_material_dark.xml
[DEBUG]  Deflating res/color/abc_background_cache_hint_selector_material_light.xml
[DEBUG]  Deflating res/color/abc_primary_text_disable_only_material_dark.xml
[DEBUG]  Deflating res/color/abc_primary_text_disable_only_material_light.xml
[DEBUG]  Deflating res/color/abc_primary_text_material_dark.xml
[DEBUG]  Deflating res/color/abc_primary_text_material_light.xml
[DEBUG]  Deflating res/color/abc_search_url_text.xml
[DEBUG]  Deflating res/color/abc_secondary_text_material_dark.xml
[DEBUG]  Deflating res/color/abc_secondary_text_material_light.xml
[DEBUG]  Deflating res/color/switch_thumb_material_dark.xml
[DEBUG]  Deflating res/color/switch_thumb_material_light.xml
[DEBUG]  Adding res/drawable-hdpi-v4/abc_ab_share_pack_mtrl_alpha.9.png
[DEBUG]  Adding res/drawable-hdpi-v4/abc_btn_check_to_on_mtrl_000.png
[DEBUG]  Adding res/drawable-hdpi-v4/abc_btn_check_to_on_mtrl_015.png
[DEBUG]  Adding res/drawable-hdpi-v4/abc_btn_radio_to_on_mtrl_000.png
[DEBUG]  Adding res/drawable-hdpi-v4/abc_btn_radio_to_on_mtrl_015.png
[DEBUG]  Adding res/drawable-hdpi-v4/abc_btn_rating_star_off_mtrl_alpha.png
[DEBUG]  Adding res/drawable-hdpi-v4/abc_btn_rating_star_on_mtrl_alpha.png
[DEBUG]  Adding res/drawable-hdpi-v4/abc_btn_switch_to_on_mtrl_00001.9.png
[DEBUG]  Adding res/drawable-hdpi-v4/abc_btn_switch_to_on_mtrl_00012.9.png
[DEBUG]  Adding res/drawable-hdpi-v4/abc_cab_background_top_mtrl_alpha.9.png
[DEBUG]  Adding res/drawable-hdpi-v4/abc_ic_ab_back_mtrl_am_alpha.png
[DEBUG]  Adding res/drawable-hdpi-v4/abc_ic_clear_mtrl_alpha.png
[DEBUG]  Adding res/drawable-hdpi-v4/abc_ic_commit_search_api_mtrl_alpha.png
[DEBUG]  Adding res/drawable-hdpi-v4/abc_ic_go_search_api_mtrl_alpha.png
[DEBUG]  Adding res/drawable-hdpi-v4/abc_ic_menu_copy_mtrl_am_alpha.png
[DEBUG]  Adding res/drawable-hdpi-v4/abc_ic_menu_cut_mtrl_alpha.png
[DEBUG]  Adding res/drawable-hdpi-v4/abc_ic_menu_moreoverflow_mtrl_alpha.png
[DEBUG]  Adding res/drawable-hdpi-v4/abc_ic_menu_paste_mtrl_am_alpha.png
[DEBUG]  Adding res/drawable-hdpi-v4/abc_ic_menu_selectall_mtrl_alpha.png
[DEBUG]  Adding res/drawable-hdpi-v4/abc_ic_menu_share_mtrl_alpha.png
[DEBUG]  Adding res/drawable-hdpi-v4/abc_ic_search_api_mtrl_alpha.png
[DEBUG]  Adding res/drawable-hdpi-v4/abc_ic_voice_search_api_mtrl_alpha.png
[DEBUG]  Adding res/drawable-hdpi-v4/abc_list_divider_mtrl_alpha.9.png
[DEBUG]  Adding res/drawable-hdpi-v4/abc_list_focused_holo.9.png
[DEBUG]  Adding res/drawable-hdpi-v4/abc_list_longpressed_holo.9.png
[DEBUG]  Adding res/drawable-hdpi-v4/abc_list_pressed_holo_dark.9.png
[DEBUG]  Adding res/drawable-hdpi-v4/abc_list_pressed_holo_light.9.png
[DEBUG]  Adding res/drawable-hdpi-v4/abc_list_selector_disabled_holo_dark.9.png
[DEBUG]  Adding res/drawable-hdpi-v4/abc_list_selector_disabled_holo_light.9.png
[DEBUG]  Adding res/drawable-hdpi-v4/abc_menu_hardkey_panel_mtrl_mult.9.png
[DEBUG]  Adding res/drawable-hdpi-v4/abc_popup_background_mtrl_mult.9.png
[DEBUG]  Adding res/drawable-hdpi-v4/abc_spinner_mtrl_am_alpha.9.png
[DEBUG]  Adding res/drawable-hdpi-v4/abc_switch_track_mtrl_alpha.9.png
[DEBUG]  Adding res/drawable-hdpi-v4/abc_tab_indicator_mtrl_alpha.9.png
[DEBUG]  Adding res/drawable-hdpi-v4/abc_text_cursor_mtrl_alpha.9.png
[DEBUG]  Adding res/drawable-hdpi-v4/abc_textfield_activated_mtrl_alpha.9.png
[DEBUG]  Adding res/drawable-hdpi-v4/abc_textfield_default_mtrl_alpha.9.png
[DEBUG]  Adding res/drawable-hdpi-v4/abc_textfield_search_activated_mtrl_alpha.9.png
[DEBUG]  Adding res/drawable-hdpi-v4/abc_textfield_search_default_mtrl_alpha.9.png
[DEBUG]  Adding res/drawable-ldrtl-hdpi-v4/abc_ic_ab_back_mtrl_am_alpha.png
[DEBUG]  Adding res/drawable-ldrtl-hdpi-v4/abc_ic_menu_copy_mtrl_am_alpha.png
[DEBUG]  Adding res/drawable-ldrtl-hdpi-v4/abc_ic_menu_cut_mtrl_alpha.png
[DEBUG]  Adding res/drawable-ldrtl-hdpi-v4/abc_spinner_mtrl_am_alpha.9.png
[DEBUG]  Adding res/drawable-ldrtl-mdpi-v4/abc_ic_ab_back_mtrl_am_alpha.png
[DEBUG]  Adding res/drawable-ldrtl-mdpi-v4/abc_ic_menu_copy_mtrl_am_alpha.png
[DEBUG]  Adding res/drawable-ldrtl-mdpi-v4/abc_ic_menu_cut_mtrl_alpha.png
[DEBUG]  Adding res/drawable-ldrtl-mdpi-v4/abc_spinner_mtrl_am_alpha.9.png
[DEBUG]  Adding res/drawable-ldrtl-xhdpi-v4/abc_ic_ab_back_mtrl_am_alpha.png
[DEBUG]  Adding res/drawable-ldrtl-xhdpi-v4/abc_ic_menu_copy_mtrl_am_alpha.png
[DEBUG]  Adding res/drawable-ldrtl-xhdpi-v4/abc_ic_menu_cut_mtrl_alpha.png
[DEBUG]  Adding res/drawable-ldrtl-xhdpi-v4/abc_spinner_mtrl_am_alpha.9.png
[DEBUG]  Adding res/drawable-ldrtl-xxhdpi-v4/abc_ic_ab_back_mtrl_am_alpha.png
[DEBUG]  Adding res/drawable-ldrtl-xxhdpi-v4/abc_ic_menu_copy_mtrl_am_alpha.png
[DEBUG]  Adding res/drawable-ldrtl-xxhdpi-v4/abc_ic_menu_cut_mtrl_alpha.png
[DEBUG]  Adding res/drawable-ldrtl-xxhdpi-v4/abc_spinner_mtrl_am_alpha.9.png
[DEBUG]  Adding res/drawable-ldrtl-xxxhdpi-v4/abc_ic_ab_back_mtrl_am_alpha.png
[DEBUG]  Adding res/drawable-ldrtl-xxxhdpi-v4/abc_ic_menu_copy_mtrl_am_alpha.png
[DEBUG]  Adding res/drawable-ldrtl-xxxhdpi-v4/abc_ic_menu_cut_mtrl_alpha.png
[DEBUG]  Adding res/drawable-ldrtl-xxxhdpi-v4/abc_spinner_mtrl_am_alpha.9.png
[DEBUG]  Adding res/drawable-long-land-hdpi-v4/background.png
[DEBUG]  Adding res/drawable-long-land-ldpi-v4/background.png
[DEBUG]  Adding res/drawable-long-port-hdpi-v4/background.png
[DEBUG]  Adding res/drawable-long-port-ldpi-v4/background.png
[DEBUG]  Adding res/drawable-mdpi-v4/abc_ab_share_pack_mtrl_alpha.9.png
[DEBUG]  Adding res/drawable-mdpi-v4/abc_btn_check_to_on_mtrl_000.png
[DEBUG]  Adding res/drawable-mdpi-v4/abc_btn_check_to_on_mtrl_015.png
[DEBUG]  Adding res/drawable-mdpi-v4/abc_btn_radio_to_on_mtrl_000.png
[DEBUG]  Adding res/drawable-mdpi-v4/abc_btn_radio_to_on_mtrl_015.png
[DEBUG]  Adding res/drawable-mdpi-v4/abc_btn_rating_star_off_mtrl_alpha.png
[DEBUG]  Adding res/drawable-mdpi-v4/abc_btn_rating_star_on_mtrl_alpha.png
[DEBUG]  Adding res/drawable-mdpi-v4/abc_btn_switch_to_on_mtrl_00001.9.png
[DEBUG]  Adding res/drawable-mdpi-v4/abc_btn_switch_to_on_mtrl_00012.9.png
[DEBUG]  Adding res/drawable-mdpi-v4/abc_cab_background_top_mtrl_alpha.9.png
[DEBUG]  Adding res/drawable-mdpi-v4/abc_ic_ab_back_mtrl_am_alpha.png
[DEBUG]  Adding res/drawable-mdpi-v4/abc_ic_clear_mtrl_alpha.png
[DEBUG]  Adding res/drawable-mdpi-v4/abc_ic_commit_search_api_mtrl_alpha.png
[DEBUG]  Adding res/drawable-mdpi-v4/abc_ic_go_search_api_mtrl_alpha.png
[DEBUG]  Adding res/drawable-mdpi-v4/abc_ic_menu_copy_mtrl_am_alpha.png
[DEBUG]  Adding res/drawable-mdpi-v4/abc_ic_menu_cut_mtrl_alpha.png
[DEBUG]  Adding res/drawable-mdpi-v4/abc_ic_menu_moreoverflow_mtrl_alpha.png
[DEBUG]  Adding res/drawable-mdpi-v4/abc_ic_menu_paste_mtrl_am_alpha.png
[DEBUG]  Adding res/drawable-mdpi-v4/abc_ic_menu_selectall_mtrl_alpha.png
[DEBUG]  Adding res/drawable-mdpi-v4/abc_ic_menu_share_mtrl_alpha.png
[DEBUG]  Adding res/drawable-mdpi-v4/abc_ic_search_api_mtrl_alpha.png
[DEBUG]  Adding res/drawable-mdpi-v4/abc_ic_voice_search_api_mtrl_alpha.png
[DEBUG]  Adding res/drawable-mdpi-v4/abc_list_divider_mtrl_alpha.9.png
[DEBUG]  Adding res/drawable-mdpi-v4/abc_list_focused_holo.9.png
[DEBUG]  Adding res/drawable-mdpi-v4/abc_list_longpressed_holo.9.png
[DEBUG]  Adding res/drawable-mdpi-v4/abc_list_pressed_holo_dark.9.png
[DEBUG]  Adding res/drawable-mdpi-v4/abc_list_pressed_holo_light.9.png
[DEBUG]  Adding res/drawable-mdpi-v4/abc_list_selector_disabled_holo_dark.9.png
[DEBUG]  Adding res/drawable-mdpi-v4/abc_list_selector_disabled_holo_light.9.png
[DEBUG]  Adding res/drawable-mdpi-v4/abc_menu_hardkey_panel_mtrl_mult.9.png
[DEBUG]  Adding res/drawable-mdpi-v4/abc_popup_background_mtrl_mult.9.png
[DEBUG]  Adding res/drawable-mdpi-v4/abc_spinner_mtrl_am_alpha.9.png
[DEBUG]  Adding res/drawable-mdpi-v4/abc_switch_track_mtrl_alpha.9.png
[DEBUG]  Adding res/drawable-mdpi-v4/abc_tab_indicator_mtrl_alpha.9.png
[DEBUG]  Adding res/drawable-mdpi-v4/abc_text_cursor_mtrl_alpha.9.png
[DEBUG]  Adding res/drawable-mdpi-v4/abc_textfield_activated_mtrl_alpha.9.png
[DEBUG]  Adding res/drawable-mdpi-v4/abc_textfield_default_mtrl_alpha.9.png
[DEBUG]  Adding res/drawable-mdpi-v4/abc_textfield_search_activated_mtrl_alpha.9.png
[DEBUG]  Adding res/drawable-mdpi-v4/abc_textfield_search_default_mtrl_alpha.9.png
[DEBUG]  Adding res/drawable-notlong-land-hdpi-v4/background.png
[DEBUG]  Adding res/drawable-notlong-land-ldpi-v4/background.png
[DEBUG]  Adding res/drawable-notlong-land-mdpi-v4/background.png
[DEBUG]  Adding res/drawable-notlong-port-hdpi-v4/background.png
[DEBUG]  Adding res/drawable-notlong-port-ldpi-v4/background.png
[DEBUG]  Adding res/drawable-notlong-port-mdpi-v4/background.png
[DEBUG]  Adding res/drawable-tvdpi-v4/abc_btn_switch_to_on_mtrl_00001.9.png
[DEBUG]  Adding res/drawable-tvdpi-v4/abc_btn_switch_to_on_mtrl_00012.9.png
[DEBUG]  Adding res/drawable-xhdpi-v4/abc_ab_share_pack_mtrl_alpha.9.png
[DEBUG]  Adding res/drawable-xhdpi-v4/abc_btn_check_to_on_mtrl_000.png
[DEBUG]  Adding res/drawable-xhdpi-v4/abc_btn_check_to_on_mtrl_015.png
[DEBUG]  Adding res/drawable-xhdpi-v4/abc_btn_radio_to_on_mtrl_000.png
[DEBUG]  Adding res/drawable-xhdpi-v4/abc_btn_radio_to_on_mtrl_015.png
[DEBUG]  Adding res/drawable-xhdpi-v4/abc_btn_rating_star_off_mtrl_alpha.png
[DEBUG]  Adding res/drawable-xhdpi-v4/abc_btn_rating_star_on_mtrl_alpha.png
[DEBUG]  Adding res/drawable-xhdpi-v4/abc_btn_switch_to_on_mtrl_00001.9.png
[DEBUG]  Adding res/drawable-xhdpi-v4/abc_btn_switch_to_on_mtrl_00012.9.png
[DEBUG]  Adding res/drawable-xhdpi-v4/abc_cab_background_top_mtrl_alpha.9.png
[DEBUG]  Adding res/drawable-xhdpi-v4/abc_ic_ab_back_mtrl_am_alpha.png
[DEBUG]  Adding res/drawable-xhdpi-v4/abc_ic_clear_mtrl_alpha.png
[DEBUG]  Adding res/drawable-xhdpi-v4/abc_ic_commit_search_api_mtrl_alpha.png
[DEBUG]  Adding res/drawable-xhdpi-v4/abc_ic_go_search_api_mtrl_alpha.png
[DEBUG]  Adding res/drawable-xhdpi-v4/abc_ic_menu_copy_mtrl_am_alpha.png
[DEBUG]  Adding res/drawable-xhdpi-v4/abc_ic_menu_cut_mtrl_alpha.png
[DEBUG]  Adding res/drawable-xhdpi-v4/abc_ic_menu_moreoverflow_mtrl_alpha.png
[DEBUG]  Adding res/drawable-xhdpi-v4/abc_ic_menu_paste_mtrl_am_alpha.png
[DEBUG]  Adding res/drawable-xhdpi-v4/abc_ic_menu_selectall_mtrl_alpha.png
[DEBUG]  Adding res/drawable-xhdpi-v4/abc_ic_menu_share_mtrl_alpha.png
[DEBUG]  Adding res/drawable-xhdpi-v4/abc_ic_search_api_mtrl_alpha.png
[DEBUG]  Adding res/drawable-xhdpi-v4/abc_ic_voice_search_api_mtrl_alpha.png
[DEBUG]  Adding res/drawable-xhdpi-v4/abc_list_divider_mtrl_alpha.9.png
[DEBUG]  Adding res/drawable-xhdpi-v4/abc_list_focused_holo.9.png
[DEBUG]  Adding res/drawable-xhdpi-v4/abc_list_longpressed_holo.9.png
[DEBUG]  Adding res/drawable-xhdpi-v4/abc_list_pressed_holo_dark.9.png
[DEBUG]  Adding res/drawable-xhdpi-v4/abc_list_pressed_holo_light.9.png
[DEBUG]  Adding res/drawable-xhdpi-v4/abc_list_selector_disabled_holo_dark.9.png
[DEBUG]  Adding res/drawable-xhdpi-v4/abc_list_selector_disabled_holo_light.9.png
[DEBUG]  Adding res/drawable-xhdpi-v4/abc_menu_hardkey_panel_mtrl_mult.9.png
[DEBUG]  Adding res/drawable-xhdpi-v4/abc_popup_background_mtrl_mult.9.png
[DEBUG]  Adding res/drawable-xhdpi-v4/abc_spinner_mtrl_am_alpha.9.png
[DEBUG]  Adding res/drawable-xhdpi-v4/abc_switch_track_mtrl_alpha.9.png
[DEBUG]  Adding res/drawable-xhdpi-v4/abc_tab_indicator_mtrl_alpha.9.png
[DEBUG]  Adding res/drawable-xhdpi-v4/abc_text_cursor_mtrl_alpha.9.png
[DEBUG]  Adding res/drawable-xhdpi-v4/abc_textfield_activated_mtrl_alpha.9.png
[DEBUG]  Adding res/drawable-xhdpi-v4/abc_textfield_default_mtrl_alpha.9.png
[DEBUG]  Adding res/drawable-xhdpi-v4/abc_textfield_search_activated_mtrl_alpha.9.png
[DEBUG]  Adding res/drawable-xhdpi-v4/abc_textfield_search_default_mtrl_alpha.9.png
[DEBUG]  Adding res/drawable-xxhdpi-v4/abc_ab_share_pack_mtrl_alpha.9.png
[DEBUG]  Adding res/drawable-xxhdpi-v4/abc_btn_check_to_on_mtrl_000.png
[DEBUG]  Adding res/drawable-xxhdpi-v4/abc_btn_check_to_on_mtrl_015.png
[DEBUG]  Adding res/drawable-xxhdpi-v4/abc_btn_radio_to_on_mtrl_000.png
[DEBUG]  Adding res/drawable-xxhdpi-v4/abc_btn_radio_to_on_mtrl_015.png
[DEBUG]  Adding res/drawable-xxhdpi-v4/abc_btn_rating_star_off_mtrl_alpha.png
[DEBUG]  Adding res/drawable-xxhdpi-v4/abc_btn_rating_star_on_mtrl_alpha.png
[DEBUG]  Adding res/drawable-xxhdpi-v4/abc_btn_switch_to_on_mtrl_00001.9.png
[DEBUG]  Adding res/drawable-xxhdpi-v4/abc_btn_switch_to_on_mtrl_00012.9.png
[DEBUG]  Adding res/drawable-xxhdpi-v4/abc_cab_background_top_mtrl_alpha.9.png
[DEBUG]  Adding res/drawable-xxhdpi-v4/abc_ic_ab_back_mtrl_am_alpha.png
[DEBUG]  Adding res/drawable-xxhdpi-v4/abc_ic_clear_mtrl_alpha.png
[DEBUG]  Adding res/drawable-xxhdpi-v4/abc_ic_commit_search_api_mtrl_alpha.png
[DEBUG]  Adding res/drawable-xxhdpi-v4/abc_ic_go_search_api_mtrl_alpha.png
[DEBUG]  Adding res/drawable-xxhdpi-v4/abc_ic_menu_copy_mtrl_am_alpha.png
[DEBUG]  Adding res/drawable-xxhdpi-v4/abc_ic_menu_cut_mtrl_alpha.png
[DEBUG]  Adding res/drawable-xxhdpi-v4/abc_ic_menu_moreoverflow_mtrl_alpha.png
[DEBUG]  Adding res/drawable-xxhdpi-v4/abc_ic_menu_paste_mtrl_am_alpha.png
[DEBUG]  Adding res/drawable-xxhdpi-v4/abc_ic_menu_selectall_mtrl_alpha.png
[DEBUG]  Adding res/drawable-xxhdpi-v4/abc_ic_menu_share_mtrl_alpha.png
[DEBUG]  Adding res/drawable-xxhdpi-v4/abc_ic_search_api_mtrl_alpha.png
[DEBUG]  Adding res/drawable-xxhdpi-v4/abc_ic_voice_search_api_mtrl_alpha.png
[DEBUG]  Adding res/drawable-xxhdpi-v4/abc_list_divider_mtrl_alpha.9.png
[DEBUG]  Adding res/drawable-xxhdpi-v4/abc_list_focused_holo.9.png
[DEBUG]  Adding res/drawable-xxhdpi-v4/abc_list_longpressed_holo.9.png
[DEBUG]  Adding res/drawable-xxhdpi-v4/abc_list_pressed_holo_dark.9.png
[DEBUG]  Adding res/drawable-xxhdpi-v4/abc_list_pressed_holo_light.9.png
[DEBUG]  Adding res/drawable-xxhdpi-v4/abc_list_selector_disabled_holo_dark.9.png
[DEBUG]  Adding res/drawable-xxhdpi-v4/abc_list_selector_disabled_holo_light.9.png
[DEBUG]  Adding res/drawable-xxhdpi-v4/abc_menu_hardkey_panel_mtrl_mult.9.png
[DEBUG]  Adding res/drawable-xxhdpi-v4/abc_popup_background_mtrl_mult.9.png
[DEBUG]  Adding res/drawable-xxhdpi-v4/abc_spinner_mtrl_am_alpha.9.png
[DEBUG]  Adding res/drawable-xxhdpi-v4/abc_switch_track_mtrl_alpha.9.png
[DEBUG]  Adding res/drawable-xxhdpi-v4/abc_tab_indicator_mtrl_alpha.9.png
[DEBUG]  Adding res/drawable-xxhdpi-v4/abc_text_cursor_mtrl_alpha.9.png
[DEBUG]  Adding res/drawable-xxhdpi-v4/abc_textfield_activated_mtrl_alpha.9.png
[DEBUG]  Adding res/drawable-xxhdpi-v4/abc_textfield_default_mtrl_alpha.9.png
[DEBUG]  Adding res/drawable-xxhdpi-v4/abc_textfield_search_activated_mtrl_alpha.9.png
[DEBUG]  Adding res/drawable-xxhdpi-v4/abc_textfield_search_default_mtrl_alpha.9.png
[DEBUG]  Adding res/drawable-xxxhdpi-v4/abc_btn_check_to_on_mtrl_000.png
[DEBUG]  Adding res/drawable-xxxhdpi-v4/abc_btn_check_to_on_mtrl_015.png
[DEBUG]  Adding res/drawable-xxxhdpi-v4/abc_btn_radio_to_on_mtrl_000.png
[DEBUG]  Adding res/drawable-xxxhdpi-v4/abc_btn_radio_to_on_mtrl_015.png
[DEBUG]  Adding res/drawable-xxxhdpi-v4/abc_btn_switch_to_on_mtrl_00001.9.png
[DEBUG]  Adding res/drawable-xxxhdpi-v4/abc_btn_switch_to_on_mtrl_00012.9.png
[DEBUG]  Adding res/drawable-xxxhdpi-v4/abc_ic_ab_back_mtrl_am_alpha.png
[DEBUG]  Adding res/drawable-xxxhdpi-v4/abc_ic_clear_mtrl_alpha.png
[DEBUG]  Adding res/drawable-xxxhdpi-v4/abc_ic_menu_copy_mtrl_am_alpha.png
[DEBUG]  Adding res/drawable-xxxhdpi-v4/abc_ic_menu_cut_mtrl_alpha.png
[DEBUG]  Adding res/drawable-xxxhdpi-v4/abc_ic_menu_moreoverflow_mtrl_alpha.png
[DEBUG]  Adding res/drawable-xxxhdpi-v4/abc_ic_menu_paste_mtrl_am_alpha.png
[DEBUG]  Adding res/drawable-xxxhdpi-v4/abc_ic_menu_selectall_mtrl_alpha.png
[DEBUG]  Adding res/drawable-xxxhdpi-v4/abc_ic_menu_share_mtrl_alpha.png
[DEBUG]  Adding res/drawable-xxxhdpi-v4/abc_ic_search_api_mtrl_alpha.png
[DEBUG]  Adding res/drawable-xxxhdpi-v4/abc_ic_voice_search_api_mtrl_alpha.png
[DEBUG]  Adding res/drawable-xxxhdpi-v4/abc_spinner_mtrl_am_alpha.9.png
[DEBUG]  Adding res/drawable-xxxhdpi-v4/abc_switch_track_mtrl_alpha.9.png
[DEBUG]  Adding res/drawable-xxxhdpi-v4/abc_tab_indicator_mtrl_alpha.9.png
[DEBUG]  Deflating res/drawable/abc_btn_borderless_material.xml
[DEBUG]  Deflating res/drawable/abc_btn_check_material.xml
[DEBUG]  Deflating res/drawable/abc_btn_default_mtrl_shape.xml
[DEBUG]  Deflating res/drawable/abc_btn_radio_material.xml
[DEBUG]  Deflating res/drawable/abc_cab_background_internal_bg.xml
[DEBUG]  Deflating res/drawable/abc_cab_background_top_material.xml
[DEBUG]  Deflating res/drawable/abc_dialog_material_background_dark.xml
[DEBUG]  Deflating res/drawable/abc_dialog_material_background_light.xml
[DEBUG]  Deflating res/drawable/abc_edit_text_material.xml
[DEBUG]  Deflating res/drawable/abc_item_background_holo_dark.xml
[DEBUG]  Deflating res/drawable/abc_item_background_holo_light.xml
[DEBUG]  Deflating res/drawable/abc_list_selector_background_transition_holo_dark.xml
[DEBUG]  Deflating res/drawable/abc_list_selector_background_transition_holo_light.xml
[DEBUG]  Deflating res/drawable/abc_list_selector_holo_dark.xml
[DEBUG]  Deflating res/drawable/abc_list_selector_holo_light.xml
[DEBUG]  Deflating res/drawable/abc_ratingbar_full_material.xml
[DEBUG]  Deflating res/drawable/abc_spinner_textfield_background_material.xml
[DEBUG]  Deflating res/drawable/abc_switch_thumb_material.xml
[DEBUG]  Deflating res/drawable/abc_tab_indicator_material.xml
[DEBUG]  Deflating res/drawable/abc_textfield_search_material.xml
[DEBUG]  Adding res/drawable/appicon.png
[DEBUG]  Adding res/drawable/background.png
[DEBUG]  Adding res/drawable/btn_check_buttonless_on_64.png
[DEBUG]  Adding res/drawable/btn_more_64.png
[DEBUG]  Adding res/drawable/disclosure_64.png
[DEBUG]  Deflating res/layout-v11/abc_screen_content_include.xml
[DEBUG]  Deflating res/layout-v17/abc_alert_dialog_material.xml
[DEBUG]  Deflating res/layout-v17/abc_dialog_title_material.xml
[DEBUG]  Deflating res/layout-v17/abc_search_view.xml
[DEBUG]  Deflating res/layout-v21/abc_screen_toolbar.xml
[DEBUG]  Deflating res/layout/abc_action_bar_title_item.xml
[DEBUG]  Deflating res/layout/abc_action_bar_up_container.xml
[DEBUG]  Deflating res/layout/abc_action_bar_view_list_nav_layout.xml
[DEBUG]  Deflating res/layout/abc_action_menu_item_layout.xml
[DEBUG]  Deflating res/layout/abc_action_menu_layout.xml
[DEBUG]  Deflating res/layout/abc_action_mode_bar.xml
[DEBUG]  Deflating res/layout/abc_action_mode_close_item_material.xml
[DEBUG]  Deflating res/layout/abc_activity_chooser_view.xml
[DEBUG]  Deflating res/layout/abc_activity_chooser_view_list_item.xml
[DEBUG]  Deflating res/layout/abc_alert_dialog_material.xml
[DEBUG]  Deflating res/layout/abc_dialog_title_material.xml
[DEBUG]  Deflating res/layout/abc_expanded_menu_layout.xml
[DEBUG]  Deflating res/layout/abc_list_menu_item_checkbox.xml
[DEBUG]  Deflating res/layout/abc_list_menu_item_icon.xml
[DEBUG]  Deflating res/layout/abc_list_menu_item_layout.xml
[DEBUG]  Deflating res/layout/abc_list_menu_item_radio.xml
[DEBUG]  Deflating res/layout/abc_popup_menu_item_layout.xml
[DEBUG]  Deflating res/layout/abc_screen_content_include.xml
[DEBUG]  Deflating res/layout/abc_screen_simple.xml
[DEBUG]  Deflating res/layout/abc_screen_simple_overlay_action_mode.xml
[DEBUG]  Deflating res/layout/abc_screen_toolbar.xml
[DEBUG]  Deflating res/layout/abc_search_dropdown_item_icons_2line.xml
[DEBUG]  Deflating res/layout/abc_search_view.xml
[DEBUG]  Deflating res/layout/abc_select_dialog_material.xml
[DEBUG]  Deflating res/layout/abc_simple_dropdown_hint.xml
[DEBUG]  Deflating res/layout/select_dialog_item_material.xml
[DEBUG]  Deflating res/layout/select_dialog_multichoice_material.xml
[DEBUG]  Deflating res/layout/select_dialog_singlechoice_material.xml
[DEBUG]  Deflating res/layout/support_simple_spinner_dropdown_item.xml
[DEBUG]  Deflating res/layout/titanium_tabgroup.xml
[DEBUG]  Deflating res/layout/titanium_ui_checkbox.xml
[DEBUG]  Deflating res/layout/titanium_ui_edittext.xml
[DEBUG]  Deflating res/layout/titanium_ui_list_header_or_footer.xml
[DEBUG]  Deflating res/layout/titanium_ui_list_item.xml
[DEBUG]  Deflating res/layout/titanium_ui_spinner.xml
[DEBUG]  Deflating res/layout/titanium_ui_switchcompat.xml
[DEBUG]  Deflating resources.arsc
[DEBUG]  Processing /Users/Zachary/Library/Application Support/Titanium/mobilesdk/osx/4.1.0.GA/android/kroll-v8.jar
[DEBUG]  Processing /Users/Zachary/Library/Application Support/Titanium/mobilesdk/osx/4.1.0.GA/android/modules/titanium-analytics.jar
[DEBUG]  Processing /Users/Zachary/Library/Application Support/Titanium/mobilesdk/osx/4.1.0.GA/android/aps-analytics.jar
[DEBUG]  Processing /Users/Zachary/Library/Application Support/Titanium/mobilesdk/osx/4.1.0.GA/android/modules/titanium-android.jar
[DEBUG]  Processing /Users/Zachary/Library/Application Support/Titanium/mobilesdk/osx/4.1.0.GA/android/jaxen-1.1.1.jar
[DEBUG]  Processing /Users/Zachary/Library/Application Support/Titanium/mobilesdk/osx/4.1.0.GA/android/ti-commons-codec-1.3.jar
[DEBUG]  Processing /Users/Zachary/Library/Application Support/Titanium/mobilesdk/osx/4.1.0.GA/android/kroll-common.jar
[DEBUG]  Processing /Users/Zachary/Library/Application Support/Titanium/mobilesdk/osx/4.1.0.GA/android/titanium.jar
[DEBUG]  Deflating org/appcelerator/titanium/build.properties
[DEBUG]  Adding org/appcelerator/titanium/res/drawable/background.png
[DEBUG]  Adding org/appcelerator/titanium/res/drawable/btn_check_buttonless_on.png
[DEBUG]  Adding org/appcelerator/titanium/res/drawable/btn_check_buttonless_on_100.png
[DEBUG]  Adding org/appcelerator/titanium/res/drawable/btn_check_buttonless_on_18.png
[DEBUG]  Adding org/appcelerator/titanium/res/drawable/btn_check_buttonless_on_48.png
[DEBUG]  Adding org/appcelerator/titanium/res/drawable/btn_check_buttonless_on_64.png
[DEBUG]  Adding org/appcelerator/titanium/res/drawable/btn_more.png
[DEBUG]  Adding org/appcelerator/titanium/res/drawable/btn_more_100.png
[DEBUG]  Adding org/appcelerator/titanium/res/drawable/btn_more_18.png
[DEBUG]  Adding org/appcelerator/titanium/res/drawable/btn_more_48.png
[DEBUG]  Adding org/appcelerator/titanium/res/drawable/btn_more_64.png
[DEBUG]  Adding org/appcelerator/titanium/res/drawable/btn_picker_normal.9.png
[DEBUG]  Adding org/appcelerator/titanium/res/drawable/btn_picker_pressed.9.png
[DEBUG]  Adding org/appcelerator/titanium/res/drawable/btn_picker_selected.9.png
[DEBUG]  Adding org/appcelerator/titanium/res/drawable/default_icon.png
[DEBUG]  Adding org/appcelerator/titanium/res/drawable/photoDefault.png
[DEBUG]  Processing /Users/Zachary/Library/Application Support/Titanium/mobilesdk/osx/4.1.0.GA/android/modules/titanium-app.jar
[DEBUG]  Processing /Users/Zachary/Library/Application Support/Titanium/mobilesdk/osx/4.1.0.GA/android/modules/titanium-ui.jar
[DEBUG]  Deflating ti/modules/titanium/ui/widget/webview/binding.js
[DEBUG]  Deflating ti/modules/titanium/ui/widget/webview/binding.min.js
[DEBUG]  Deflating ti/modules/titanium/ui/widget/webview/json2.js
[DEBUG]  Deflating ti/modules/titanium/ui/widget/webview/polling.js
[DEBUG]  Deflating ti/modules/titanium/ui/widget/webview/polling.min.js
[DEBUG]  Processing /Users/Zachary/Library/Application Support/Titanium/mobilesdk/osx/4.1.0.GA/android/nineoldandroids-appc-2.4.0.jar
[DEBUG]  Processing /Users/Zachary/Library/Application Support/Titanium/mobilesdk/osx/4.1.0.GA/android/modules/titanium-filesystem.jar
[DEBUG]  Processing /Users/Zachary/Library/Application Support/Titanium/mobilesdk/osx/4.1.0.GA/android/modules/titanium-media.jar
[DEBUG]  Processing /Users/Zachary/Library/Application Support/Titanium/mobilesdk/osx/4.1.0.GA/android/modules/titanium-appcompat.jar
[DEBUG]  Processing /Users/Zachary/Library/Application Support/Titanium/mobilesdk/osx/4.1.0.GA/android/android-support-v4.jar
[DEBUG]  Processing /Users/Zachary/Library/Application Support/Titanium/mobilesdk/osx/4.1.0.GA/android/android-support-v7-appcompat.jar
[DEBUG]  Processing /Users/Zachary/Library/Application Support/Titanium/mobilesdk/osx/4.1.0.GA/android/modules/titanium-locale.jar
[DEBUG]  Processing /Users/Zachary/Library/Application Support/Titanium/mobilesdk/osx/4.1.0.GA/android/modules/titanium-network.jar
[DEBUG]  Processing /Users/Zachary/Library/Application Support/Titanium/mobilesdk/osx/4.1.0.GA/android/thirdparty.jar
[DEBUG]  Deflating org/apache/Commons-NOTICE.txt
[DEBUG]  Deflating org/apache/HttpComponents-NOTICE.txt
[DEBUG]  Deflating org/apache/mime4j-NOTICE.txt
[DEBUG]  Processing /Users/Zachary/Library/Application Support/Titanium/mobilesdk/osx/4.1.0.GA/android/modules/titanium-xml.jar
[DEBUG]  Processing /Users/Zachary/Library/Application Support/Titanium/mobilesdk/osx/4.1.0.GA/android/modules/titanium-utils.jar
[DEBUG]  Processing /Users/Zachary/Library/Application Support/Titanium/mobilesdk/osx/4.1.0.GA/android/modules/titanium-geolocation.jar
[DEBUG]  Processing /Users/Zachary/Library/Application Support/Titanium/mobilesdk/osx/4.1.0.GA/android/modules/titanium-accelerometer.jar
[DEBUG]  Processing /Users/Zachary/Library/Application Support/Titanium/mobilesdk/osx/4.1.0.GA/android/modules/titanium-contacts.jar
[DEBUG]  Processing /Users/Zachary/Library/Application Support/Titanium/mobilesdk/osx/4.1.0.GA/android/modules/titanium-map.jar
[DEBUG]  Processing /Users/Zachary/Library/Application Support/Titanium/mobilesdk/osx/4.1.0.GA/android/modules/titanium-calendar.jar
[DEBUG]  Processing /Users/Zachary/Library/Application Support/Titanium/mobilesdk/osx/4.1.0.GA/android/modules/titanium-gesture.jar
[DEBUG]  Processing /Users/Zachary/Library/Application Support/Titanium/mobilesdk/osx/4.1.0.GA/android/modules/titanium-platform.jar
[DEBUG]  Processing /Users/Zachary/Library/Application Support/Titanium/mobilesdk/osx/4.1.0.GA/android/modules/titanium-database.jar
[DEBUG]  Adding classes.dex
[INFO]   Processing /Users/Zachary/Documents/Full Sail/ADV/GIT/Gover_Zachary_AVF_WK1/build/android/src
[DEBUG]  Adding lib/armeabi/libkroll-v8.so
[DEBUG]  Adding lib/armeabi/libstlport_shared.so
[DEBUG]  Adding lib/armeabi/libtiverify.so
[DEBUG]  Adding lib/armeabi-v7a/libkroll-v8.so
[DEBUG]  Adding lib/armeabi-v7a/libstlport_shared.so
[DEBUG]  Adding lib/armeabi-v7a/libtiverify.so
[DEBUG]  Adding lib/x86/libkroll-v8.so
[DEBUG]  Adding lib/x86/libstlport_shared.so
[DEBUG]  Adding lib/x86/libtiverify.so
[INFO]   Writing unsigned apk: /Users/Zachary/Documents/Full Sail/ADV/GIT/Gover_Zachary_AVF_WK1/build/android/bin/app-unsigned.apk
[TRACE]  Emulator is not booted yet; checking again in 2000 ms
[INFO]   Using MD5withRSA signature algorithm
[INFO]   Signing apk: /Library/Java/JavaVirtualMachines/jdk1.7.0_80.jdk/Contents/Home/bin/jarsigner "-sigalg" "MD5withRSA" "-digestalg" "SHA1" "-keystore" "/Users/Zachary/Library/Application Support/Titanium/mobilesdk/osx/4.1.0.GA/android/dev_keystore" "-storepass" "*******" "-signedjar" "/Users/Zachary/Documents/Full Sail/ADV/GIT/Gover_Zachary_AVF_WK1/build/android/bin/Gover_Zachary_AVF_WK1.apk" "/Users/Zachary/Documents/Full Sail/ADV/GIT/Gover_Zachary_AVF_WK1/build/android/bin/app-unsigned.apk" "tidev"
[TRACE]  Emulator is booted, emitting booted event
[INFO]   Emulator is booted
[INFO]   SD card not required, skipping mount check
[INFO]   Emulator ready!
[INFO]   Aligning zip file: /Users/Zachary/Library/android-sdk-macosx/build-tools/23.0.0/zipalign "-v" "4" "/Users/Zachary/Documents/Full Sail/ADV/GIT/Gover_Zachary_AVF_WK1/build/android/bin/Gover_Zachary_AVF_WK1.apk" "/Users/Zachary/Documents/Full Sail/ADV/GIT/Gover_Zachary_AVF_WK1/build/android/bin/Gover_Zachary_AVF_WK1.apkz"
[INFO]   Writing build manifest: /Users/Zachary/Documents/Full Sail/ADV/GIT/Gover_Zachary_AVF_WK1/build/android/build-manifest.json
[INFO]   Making sure the adb server is running
[INFO]   Installing apk: /Users/Zachary/Documents/Full Sail/ADV/GIT/Gover_Zachary_AVF_WK1/build/android/bin/Gover_Zachary_AVF_WK1.apk
[TRACE]  Checking if package manager service is started
[TRACE]  Package manager has started
[TRACE]  Executing: /Users/Zachary/Library/android-sdk-macosx/platform-tools/adb -s 192.168.56.101:5555 install -r /Users/Zachary/Documents/Full Sail/ADV/GIT/Gover_Zachary_AVF_WK1/build/android/bin/Gover_Zachary_AVF_WK1.apk
[INFO]   App successfully installed
[INFO]   Starting app: com.zacharygover.wk1/.Gover_zachary_avf_wk1Activity
[DEBUG]  Trying to start the app...
[INFO]   Application pid: 1269
-- Start application log -----------------------------------------------------
[INFO]   TiApplication: (main) [0,0] checkpoint, app created.
[DEBUG]  dalvikvm: GC_CONCURRENT freed 169K, 12%% free 3807K/4300K, paused 1ms+0ms, total 3ms
[DEBUG]  dalvikvm: WAIT_FOR_CONCURRENT_GC blocked 2ms
[DEBUG]  dalvikvm: GC_CONCURRENT freed 340K, 16%% free 3852K/4568K, paused 2ms+0ms, total 3ms
[DEBUG]  dalvikvm: GC_CONCURRENT freed 195K, 12%% free 4076K/4584K, paused 1ms+0ms, total 2ms
[INFO]   TiApplication: (main) [30,30] Titanium 4.1.0 (2015/07/06 11:15 d57aa7d)
[DEBUG]  dalvikvm: Trying to load lib /data/app-lib/com.zacharygover.wk1-2/libstlport_shared.so 0xa50d31e8
[INFO]   TiApplication: (main) [10,40] Titanium Javascript runtime: v8
[DEBUG]  dalvikvm: GC_CONCURRENT freed 308K, 13%% free 4163K/4784K, paused 1ms+1ms, total 4ms
[DEBUG]  dalvikvm: Added shared lib /data/app-lib/com.zacharygover.wk1-2/libstlport_shared.so 0xa50d31e8
[DEBUG]  dalvikvm: No JNI_OnLoad found in /data/app-lib/com.zacharygover.wk1-2/libstlport_shared.so 0xa50d31e8, skipping init
[DEBUG]  dalvikvm: Trying to load lib /data/app-lib/com.zacharygover.wk1-2/libkroll-v8.so 0xa50d31e8
[DEBUG]  dalvikvm: Added shared lib /data/app-lib/com.zacharygover.wk1-2/libkroll-v8.so 0xa50d31e8
[INFO]   TiRootActivity: (main) [0,0] checkpoint, on root activity create, savedInstanceState: null
[ERROR]  E/        : UID 10058 asks for /proc/cpuinfo
[ERROR]  E/        : Unable to open file /data/data/.appwithABI2
[ERROR]  E/        : Unable to open file /data/data/.appwithABI2neon
[ERROR]  E/        : UID 10058 is not in ARM UID list files
[WARN]   V8Object: (KrollRuntimeThread) [20,20] Runtime disposed, cannot set property 'userAgent'
[DEBUG]  dalvikvm: GC_FOR_ALLOC freed 173K, 11%% free 4301K/4828K, paused 3ms, total 3ms
[INFO]   I/dalvikvm-heap: Grow heap (frag case) to 4.835MB for 349068-byte allocation
[DEBUG]  dalvikvm: GC_FOR_ALLOC freed <1K, 11%% free 4642K/5172K, paused 2ms, total 2ms
[DEBUG]  dalvikvm: GC_FOR_ALLOC freed 6K, 11%% free 4636K/5172K, paused 1ms, total 1ms
[INFO]   I/dalvikvm-heap: Grow heap (frag case) to 5.164MB for 349068-byte allocation
[DEBUG]  dalvikvm: GC_FOR_ALLOC freed <1K, 10%% free 4977K/5516K, paused 2ms, total 2ms
[DEBUG]  dalvikvm: GC_FOR_ALLOC freed <1K, 10%% free 4977K/5516K, paused 1ms, total 1ms
[INFO]   I/dalvikvm-heap: Grow heap (frag case) to 5.497MB for 349068-byte allocation
[DEBUG]  dalvikvm: GC_FOR_ALLOC freed <1K, 10%% free 5318K/5860K, paused 2ms, total 2ms
[DEBUG]  dalvikvm: GC_FOR_ALLOC freed <1K, 9%% free 5660K/6204K, paused 2ms, total 2ms
[DEBUG]  dalvikvm: GC_FOR_ALLOC freed <1K, 9%% free 6001K/6548K, paused 2ms, total 2ms
[DEBUG]  dalvikvm: GC_FOR_ALLOC freed <1K, 8%% free 6342K/6892K, paused 2ms, total 2ms
[DEBUG]  dalvikvm: GC_FOR_ALLOC freed 6K, 8%% free 7033K/7580K, paused 4ms, total 4ms
[INFO]   I/dalvikvm-heap: Grow heap (frag case) to 13.031MB for 6144012-byte allocation
[DEBUG]  dalvikvm: GC_CONCURRENT freed 1K, 5%% free 13031K/13584K, paused 0ms+0ms, total 3ms
[INFO]   Project built successfully in 22s 613ms
